1652615096819:gab
1652868799737:gc 1
1652868810587:gb 1
1652868814633:gc 1
1652868885734:gbc 1
1652869015059:stacktrace
1652869060411:gbc 1
1652869731910:gc 1
1652869736281:gbc 1
1652880814415:gb 1
1652880817226:gb 0
1652880841596:gb -1
1652881054126:gab
1652885854666:gb 6285094f6442f220b56a511a
1652885919646:gbc 6285094f6442f220b56a511a
1652886998983:gab
1652887008558:gbc 62850dd16bb0c90e237ae59e
1653236987942:gb 1
1653236995899:gab
1653292282678:gb 628b3ce03650361675f86cb2
1653292299482:cd title;author1,author2;genre1,genr
1653292302494:cb title;author1,author2;genre1,genre2
1653292308096:gb 628b3d0e3650361675f86cb5
1653292319652:ut i 628b3d0e3650361675f86cb5 t ttttt
1653292329690:gb 628b3d0e3650361675f86cb5
1653292344777:db 628b3d0e3650361675f86cb5
1653292350383:gb 628b3d0e3650361675f86cb5
1653292373673:gab
1653292391876:gbc i 628b3ce03650361675f86cb2
1653292411316:cc i 628b3ce03650361675f86cb2 fkfkfkfkfkfkfk
1653292416723:gbc i 628b3ce03650361675f86cb2
1653292445047:uc i 628b3d7b3650361675f86cb6 c cccccccccc
1653292450783:>gbc i 628b3ce03650361675f86cb2
1653292456450:gbc i 628b3ce03650361675f86cb2
1653292476960:dc 628b3d7b3650361675f86cb6
1653292479551:gc 628b3d7b3650361675f86cb6
1653292485607:gbc i 628b3ce03650361675f86cb2
1653292493698:db 628b3ce03650361675f86cb2
1653292499395:gbc i 628b3ce03650361675f86cb2
1653292515150:gc 628b3ce03650361675f86cb3
1653378916751:сс i hhh c cccc
1653378923747:stacktrace
1653378947179:cc i ff c cc
1653667176051:gaa
1653667722614:gba БОС ХЕРБЕРТ
1653667733629:gba "БОС ХЕРБЕРТ"
1653667747309:gba "ФРЕДЕРИК БРУКС"
1653667757037:gba dddd
